<?xml version="1.0" encoding="UTF-8"?>
<!-- Generated by org.testng.reporters.JUnitReportReporter -->
<testsuite hostname="LAPTOP-PCD2EDDG" failures="0" tests="2" name="com.example.api.AuthTest" time="6.614" errors="0" timestamp="2025-05-20T00:17:23 WIB" skipped="0">
  <testcase classname="com.example.api.AuthTest" name="testLoginSuccess" time="5.786"/>
  <testcase classname="com.example.api.AuthTest" name="testRegister" time="0.828"/>
</testsuite> <!-- com.example.api.AuthTest -->
